<?xml version="1.0" encoding="UTF-8"?>
<!-- Generated by org.testng.reporters.JUnitXMLReporter -->
<testsuite ignored="0" hostname="MacBook-Pro-mac.local" failures="0" tests="36" name="Command line test" time="0.313" errors="0" timestamp="2025-02-18T19:01:48 CET">
  <testcase classname="tests.DeductTest" name="deductDifferentTypes" time="0.008"/>
  <testcase classname="tests.DeductTest" name="deductDifferentTypes" time="0.001"/>
  <testcase classname="tests.DeductTest" name="deductDifferentTypes" time="0.0"/>
  <testcase classname="tests.DeductTest" name="deductDoubles" time="0.001"/>
  <testcase classname="tests.DeductTest" name="deductDoubles" time="0.0"/>
  <testcase classname="tests.DeductTest" name="deductDoubles" time="0.001"/>
  <testcase classname="tests.DeductTest" name="deductIntegers" time="0.002"/>
  <testcase classname="tests.DeductTest" name="deductIntegers" time="0.0"/>
  <testcase classname="tests.DeductTest" name="deductIntegers" time="0.001"/>
  <testcase classname="tests.MultiplyTest" name="multiplyDifferentTypes" time="0.004"/>
  <testcase classname="tests.MultiplyTest" name="multiplyDifferentTypes" time="0.001"/>
  <testcase classname="tests.MultiplyTest" name="multiplyDifferentTypes" time="0.002"/>
  <testcase classname="tests.MultiplyTest" name="multiplyDoubles" time="0.002"/>
  <testcase classname="tests.MultiplyTest" name="multiplyDoubles" time="0.0"/>
  <testcase classname="tests.MultiplyTest" name="multiplyDoubles" time="0.001"/>
  <testcase classname="tests.MultiplyTest" name="multiplyIntegers" time="0.001"/>
  <testcase classname="tests.MultiplyTest" name="multiplyIntegers" time="0.002"/>
  <testcase classname="tests.MultiplyTest" name="multiplyIntegers" time="0.001"/>
  <testcase classname="tests.SumTest" name="sumDifferentTypes" time="0.001"/>
  <testcase classname="tests.SumTest" name="sumDifferentTypes" time="0.002"/>
  <testcase classname="tests.SumTest" name="sumDifferentTypes" time="0.004"/>
  <testcase classname="tests.SumTest" name="sumDoubles" time="0.002"/>
  <testcase classname="tests.SumTest" name="sumDoubles" time="0.002"/>
  <testcase classname="tests.SumTest" name="sumDoubles" time="0.002"/>
  <testcase classname="tests.SumTest" name="sumIntegers" time="0.003"/>
  <testcase classname="tests.SumTest" name="sumIntegers" time="0.002"/>
  <testcase classname="tests.SumTest" name="sumIntegers" time="0.004"/>
  <testcase classname="tests.DivideTest" name="multiplyDifferentTypes" time="0.002"/>
  <testcase classname="tests.DivideTest" name="multiplyDifferentTypes" time="0.015"/>
  <testcase classname="tests.DivideTest" name="multiplyDifferentTypes" time="0.003"/>
  <testcase classname="tests.DivideTest" name="multiplyDoubles" time="0.001"/>
  <testcase classname="tests.DivideTest" name="multiplyDoubles" time="0.004"/>
  <testcase classname="tests.DivideTest" name="multiplyDoubles" time="0.001"/>
  <testcase classname="tests.DivideTest" name="multiplyIntegers" time="0.001"/>
  <testcase classname="tests.DivideTest" name="multiplyIntegers" time="0.0"/>
  <testcase classname="tests.DivideTest" name="multiplyIntegers" time="0.01"/>
</testsuite> <!-- Command line test -->
