<?xml version="1.0" encoding="UTF-8" ?>
<testsuite tests="36" failures="0" name="TestSuite" time="0.096" errors="0" skipped="0">
  <properties>
[...]
</properties>
  <testcase classname="tests.DeductTest" name="deductDifferentTypes" time="0.01"/>
  <testcase classname="tests.DeductTest" name="deductDifferentTypes" time="0"/>
  <testcase classname="tests.DeductTest" name="deductDifferentTypes" time="0.001"/>
  <testcase classname="tests.DeductTest" name="deductDoubles" time="0"/>
  <testcase classname="tests.DeductTest" name="deductDoubles" time="0.002"/>
  <testcase classname="tests.DeductTest" name="deductDoubles" time="0"/>
  <testcase classname="tests.DeductTest" name="deductIntegers" time="0"/>
  <testcase classname="tests.DeductTest" name="deductIntegers" time="0"/>
  <testcase classname="tests.DeductTest" name="deductIntegers" time="0.004"/>
  <testcase classname="tests.MultiplyTest" name="multiplyDifferentTypes" time="0.001"/>
  <testcase classname="tests.MultiplyTest" name="multiplyDifferentTypes" time="0"/>
  <testcase classname="tests.MultiplyTest" name="multiplyDifferentTypes" time="0.001"/>
  <testcase classname="tests.MultiplyTest" name="multiplyDoubles" time="0.007"/>
  <testcase classname="tests.MultiplyTest" name="multiplyDoubles" time="0"/>
  <testcase classname="tests.MultiplyTest" name="multiplyDoubles" time="0"/>
  <testcase classname="tests.MultiplyTest" name="multiplyIntegers" time="0.005"/>
  <testcase classname="tests.MultiplyTest" name="multiplyIntegers" time="0.001"/>
  <testcase classname="tests.MultiplyTest" name="multiplyIntegers" time="0.003"/>
  <testcase classname="tests.SumTest" name="sumDifferentTypes" time="0.001"/>
  <testcase classname="tests.SumTest" name="sumDifferentTypes" time="0.002"/>
  <testcase classname="tests.SumTest" name="sumDifferentTypes" time="0.006"/>
  <testcase classname="tests.SumTest" name="sumDoubles" time="0.003"/>
  <testcase classname="tests.SumTest" name="sumDoubles" time="0.001"/>
  <testcase classname="tests.SumTest" name="sumDoubles" time="0.005"/>
  <testcase classname="tests.SumTest" name="sumIntegers" time="0.003"/>
  <testcase classname="tests.SumTest" name="sumIntegers" time="0.002"/>
  <testcase classname="tests.SumTest" name="sumIntegers" time="0.003"/>
  <testcase classname="tests.DivideTest" name="multiplyDifferentTypes" time="0.002"/>
  <testcase classname="tests.DivideTest" name="multiplyDifferentTypes" time="0.012"/>
  <testcase classname="tests.DivideTest" name="multiplyDifferentTypes" time="0.003"/>
  <testcase classname="tests.DivideTest" name="multiplyDoubles" time="0.001"/>
  <testcase classname="tests.DivideTest" name="multiplyDoubles" time="0.004"/>
  <testcase classname="tests.DivideTest" name="multiplyDoubles" time="0.001"/>
  <testcase classname="tests.DivideTest" name="multiplyIntegers" time="0.001"/>
  <testcase classname="tests.DivideTest" name="multiplyIntegers" time="0.001"/>
  <testcase classname="tests.DivideTest" name="multiplyIntegers" time="0.01"/>
</testsuite>