<?xml version="1.0" encoding="UTF-8"?>
<testng-results ignored="0" total="36" passed="36" failed="0" skipped="0">
  <reporter-output>
  </reporter-output>
  <suite started-at="2025-02-18T19:01:47 CET" name="Command line suite" finished-at="2025-02-18T19:01:48 CET" duration-ms="313">
    <groups>
    </groups>
    <test started-at="2025-02-18T19:01:47 CET" name="Command line test" finished-at="2025-02-18T19:01:48 CET" duration-ms="313">
      <class name="tests.SumTest">
        <test-method signature="sumDifferentTypes([Ljava.lang.Number;,double)[pri:1, instance:tests.SumTest@15bfd87]" started-at="2025-02-18T19:01:47 CET" name="sumDifferentTypes" description="check sum for mixed types" data-provider="DifferentTypesSumProvider" finished-at="2025-02-18T19:01:47 CET" duration-ms="1" status="PASS">
          <params>
            <param index="0">
              <value>
                <![CDATA[[Ljava.lang.Number;@12e61fe6]]>
              </value>
            </param>
            <param index="1">
              <value>
                <![CDATA[23.1]]>
              </value>
            </param>
          </params>
          <reporter-output>
          </reporter-output>
        </test-method> <!-- sumDifferentTypes -->
        <test-method is-config="true" signature="testStart()[pri:0, instance:tests.SumTest@15bfd87]" started-at="2025-02-18T19:01:47 CET" name="testStart" finished-at="2025-02-18T19:01:47 CET" duration-ms="0" status="PASS">
          <reporter-output>
          </reporter-output>
        </test-method> <!-- testStart -->
        <test-method is-config="true" signature="testEnd()[pri:0, instance:tests.SumTest@15bfd87]" started-at="2025-02-18T19:01:47 CET" name="testEnd" finished-at="2025-02-18T19:01:47 CET" duration-ms="0" status="PASS">
          <reporter-output>
          </reporter-output>
        </test-method> <!-- testEnd -->
        <test-method is-config="true" signature="testStart()[pri:0, instance:tests.SumTest@15bfd87]" started-at="2025-02-18T19:01:47 CET" name="testStart" finished-at="2025-02-18T19:01:47 CET" duration-ms="1" status="PASS">
          <reporter-output>
          </reporter-output>
        </test-method> <!-- testStart -->
        <test-method signature="sumDifferentTypes([Ljava.lang.Number;,double)[pri:1, instance:tests.SumTest@15bfd87]" started-at="2025-02-18T19:01:47 CET" name="sumDifferentTypes" description="check sum for mixed types" data-provider="DifferentTypesSumProvider" finished-at="2025-02-18T19:01:47 CET" duration-ms="2" status="PASS">
          <params>
            <param index="0">
              <value>
                <![CDATA[[Ljava.lang.Number;@6ac13091]]>
              </value>
            </param>
            <param index="1">
              <value>
                <![CDATA[8.5]]>
              </value>
            </param>
          </params>
          <reporter-output>
          </reporter-output>
        </test-method> <!-- sumDifferentTypes -->
        <test-method is-config="true" signature="testEnd()[pri:0, instance:tests.SumTest@15bfd87]" started-at="2025-02-18T19:01:47 CET" name="testEnd" finished-at="2025-02-18T19:01:47 CET" duration-ms="0" status="PASS">
          <reporter-output>
          </reporter-output>
        </test-method> <!-- testEnd -->
        <test-method is-config="true" signature="testStart()[pri:0, instance:tests.SumTest@15bfd87]" started-at="2025-02-18T19:01:47 CET" name="testStart" finished-at="2025-02-18T19:01:47 CET" duration-ms="2" status="PASS">
          <reporter-output>
          </reporter-output>
        </test-method> <!-- testStart -->
        <test-method signature="sumDifferentTypes([Ljava.lang.Number;,double)[pri:1, instance:tests.SumTest@15bfd87]" started-at="2025-02-18T19:01:47 CET" name="sumDifferentTypes" description="check sum for mixed types" data-provider="DifferentTypesSumProvider" finished-at="2025-02-18T19:01:47 CET" duration-ms="4" status="PASS">
          <params>
            <param index="0">
              <value>
                <![CDATA[[Ljava.lang.Number;@161479c6]]>
              </value>
            </param>
            <param index="1">
              <value>
                <![CDATA[46.5]]>
              </value>
            </param>
          </params>
          <reporter-output>
          </reporter-output>
        </test-method> <!-- sumDifferentTypes -->
        <test-method is-config="true" signature="testEnd()[pri:0, instance:tests.SumTest@15bfd87]" started-at="2025-02-18T19:01:47 CET" name="testEnd" finished-at="2025-02-18T19:01:47 CET" duration-ms="0" status="PASS">
          <reporter-output>
          </reporter-output>
        </test-method> <!-- testEnd -->
        <test-method is-config="true" signature="testStart()[pri:0, instance:tests.SumTest@15bfd87]" started-at="2025-02-18T19:01:47 CET" name="testStart" finished-at="2025-02-18T19:01:47 CET" duration-ms="2" status="PASS">
          <reporter-output>
          </reporter-output>
        </test-method> <!-- testStart -->
        <test-method signature="sumDoubles([Ljava.lang.Number;,double)[pri:2, instance:tests.SumTest@15bfd87]" started-at="2025-02-18T19:01:47 CET" name="sumDoubles" description="check sum for doubles" data-provider="DoubleSumProvider" finished-at="2025-02-18T19:01:47 CET" duration-ms="2" status="PASS">
          <params>
            <param index="0">
              <value>
                <![CDATA[[Ljava.lang.Number;@2b6faea6]]>
              </value>
            </param>
            <param index="1">
              <value>
                <![CDATA[24.6]]>
              </value>
            </param>
          </params>
          <reporter-output>
          </reporter-output>
        </test-method> <!-- sumDoubles -->
        <test-method is-config="true" signature="testEnd()[pri:0, instance:tests.SumTest@15bfd87]" started-at="2025-02-18T19:01:47 CET" name="testEnd" finished-at="2025-02-18T19:01:47 CET" duration-ms="0" status="PASS">
          <reporter-output>
          </reporter-output>
        </test-method> <!-- testEnd -->
        <test-method signature="sumDoubles([Ljava.lang.Number;,double)[pri:2, instance:tests.SumTest@15bfd87]" started-at="2025-02-18T19:01:47 CET" name="sumDoubles" description="check sum for doubles" data-provider="DoubleSumProvider" finished-at="2025-02-18T19:01:47 CET" duration-ms="2" status="PASS">
          <params>
            <param index="0">
              <value>
                <![CDATA[[Ljava.lang.Number;@49c386c8]]>
              </value>
            </param>
            <param index="1">
              <value>
                <![CDATA[8.5]]>
              </value>
            </param>
          </params>
          <reporter-output>
          </reporter-output>
        </test-method> <!-- sumDoubles -->
        <test-method is-config="true" signature="testStart()[pri:0, instance:tests.SumTest@15bfd87]" started-at="2025-02-18T19:01:47 CET" name="testStart" finished-at="2025-02-18T19:01:47 CET" duration-ms="0" status="PASS">
          <reporter-output>
          </reporter-output>
        </test-method> <!-- testStart -->
        <test-method is-config="true" signature="testEnd()[pri:0, instance:tests.SumTest@15bfd87]" started-at="2025-02-18T19:01:47 CET" name="testEnd" finished-at="2025-02-18T19:01:47 CET" duration-ms="1" status="PASS">
          <reporter-output>
          </reporter-output>
        </test-method> <!-- testEnd -->
        <test-method is-config="true" signature="testStart()[pri:0, instance:tests.SumTest@15bfd87]" started-at="2025-02-18T19:01:47 CET" name="testStart" finished-at="2025-02-18T19:01:47 CET" duration-ms="0" status="PASS">
          <reporter-output>
          </reporter-output>
        </test-method> <!-- testStart -->
        <test-method signature="sumDoubles([Ljava.lang.Number;,double)[pri:2, instance:tests.SumTest@15bfd87]" started-at="2025-02-18T19:01:47 CET" name="sumDoubles" description="check sum for doubles" data-provider="DoubleSumProvider" finished-at="2025-02-18T19:01:47 CET" duration-ms="2" status="PASS">
          <params>
            <param index="0">
              <value>
                <![CDATA[[Ljava.lang.Number;@5ccddd20]]>
              </value>
            </param>
            <param index="1">
              <value>
                <![CDATA[47.5]]>
              </value>
            </param>
          </params>
          <reporter-output>
          </reporter-output>
        </test-method> <!-- sumDoubles -->
        <test-method is-config="true" signature="testEnd()[pri:0, instance:tests.SumTest@15bfd87]" started-at="2025-02-18T19:01:47 CET" name="testEnd" finished-at="2025-02-18T19:01:47 CET" duration-ms="1" status="PASS">
          <reporter-output>
          </reporter-output>
        </test-method> <!-- testEnd -->
        <test-method is-config="true" signature="testStart()[pri:0, instance:tests.SumTest@15bfd87]" started-at="2025-02-18T19:01:48 CET" name="testStart" finished-at="2025-02-18T19:01:48 CET" duration-ms="1" status="PASS">
          <reporter-output>
          </reporter-output>
        </test-method> <!-- testStart -->
        <test-method signature="sumIntegers([Ljava.lang.Number;,double)[pri:3, instance:tests.SumTest@15bfd87]" started-at="2025-02-18T19:01:48 CET" name="sumIntegers" description="check sum for integers" data-provider="IntegerSumProvider" finished-at="2025-02-18T19:01:48 CET" duration-ms="3" status="PASS">
          <params>
            <param index="0">
              <value>
                <![CDATA[[Ljava.lang.Number;@4b5a5ed1]]>
              </value>
            </param>
            <param index="1">
              <value>
                <![CDATA[23]]>
              </value>
            </param>
          </params>
          <reporter-output>
          </reporter-output>
        </test-method> <!-- sumIntegers -->
        <test-method is-config="true" signature="testEnd()[pri:0, instance:tests.SumTest@15bfd87]" started-at="2025-02-18T19:01:48 CET" name="testEnd" finished-at="2025-02-18T19:01:48 CET" duration-ms="1" status="PASS">
          <reporter-output>
          </reporter-output>
        </test-method> <!-- testEnd -->
        <test-method is-config="true" signature="testStart()[pri:0, instance:tests.SumTest@15bfd87]" started-at="2025-02-18T19:01:48 CET" name="testStart" finished-at="2025-02-18T19:01:48 CET" duration-ms="1" status="PASS">
          <reporter-output>
          </reporter-output>
        </test-method> <!-- testStart -->
        <test-method signature="sumIntegers([Ljava.lang.Number;,double)[pri:3, instance:tests.SumTest@15bfd87]" started-at="2025-02-18T19:01:48 CET" name="sumIntegers" description="check sum for integers" data-provider="IntegerSumProvider" finished-at="2025-02-18T19:01:48 CET" duration-ms="2" status="PASS">
          <params>
            <param index="0">
              <value>
                <![CDATA[[Ljava.lang.Number;@3967e60c]]>
              </value>
            </param>
            <param index="1">
              <value>
                <![CDATA[8]]>
              </value>
            </param>
          </params>
          <reporter-output>
          </reporter-output>
        </test-method> <!-- sumIntegers -->
        <test-method is-config="true" signature="testEnd()[pri:0, instance:tests.SumTest@15bfd87]" started-at="2025-02-18T19:01:48 CET" name="testEnd" finished-at="2025-02-18T19:01:48 CET" duration-ms="0" status="PASS">
          <reporter-output>
          </reporter-output>
        </test-method> <!-- testEnd -->
        <test-method is-config="true" signature="testStart()[pri:0, instance:tests.SumTest@15bfd87]" started-at="2025-02-18T19:01:48 CET" name="testStart" finished-at="2025-02-18T19:01:48 CET" duration-ms="1" status="PASS">
          <reporter-output>
          </reporter-output>
        </test-method> <!-- testStart -->
        <test-method signature="sumIntegers([Ljava.lang.Number;,double)[pri:3, instance:tests.SumTest@15bfd87]" started-at="2025-02-18T19:01:48 CET" name="sumIntegers" description="check sum for integers" data-provider="IntegerSumProvider" finished-at="2025-02-18T19:01:48 CET" duration-ms="4" status="PASS">
          <params>
            <param index="0">
              <value>
                <![CDATA[[Ljava.lang.Number;@7adda9cc]]>
              </value>
            </param>
            <param index="1">
              <value>
                <![CDATA[45]]>
              </value>
            </param>
          </params>
          <reporter-output>
          </reporter-output>
        </test-method> <!-- sumIntegers -->
        <test-method is-config="true" signature="testEnd()[pri:0, instance:tests.SumTest@15bfd87]" started-at="2025-02-18T19:01:48 CET" name="testEnd" finished-at="2025-02-18T19:01:48 CET" duration-ms="1" status="PASS">
          <reporter-output>
          </reporter-output>
        </test-method> <!-- testEnd -->
      </class> <!-- tests.SumTest -->
      <class name="tests.MultiplyTest">
        <test-method is-config="true" signature="testStart()[pri:0, instance:tests.MultiplyTest@5427c60c]" started-at="2025-02-18T19:01:47 CET" name="testStart" finished-at="2025-02-18T19:01:47 CET" duration-ms="1" status="PASS">
          <reporter-output>
          </reporter-output>
        </test-method> <!-- testStart -->
        <test-method signature="multiplyDifferentTypes([Ljava.lang.Number;,double)[pri:1, instance:tests.MultiplyTest@5427c60c]" started-at="2025-02-18T19:01:47 CET" name="multiplyDifferentTypes" description="check multiply for mixed types" data-provider="DifferentTypesMultiplyProvider" finished-at="2025-02-18T19:01:47 CET" duration-ms="4" status="PASS">
          <params>
            <param index="0">
              <value>
                <![CDATA[[Ljava.lang.Number;@47542153]]>
              </value>
            </param>
            <param index="1">
              <value>
                <![CDATA[588.0]]>
              </value>
            </param>
          </params>
          <reporter-output>
          </reporter-output>
        </test-method> <!-- multiplyDifferentTypes -->
        <test-method is-config="true" signature="testEnd()[pri:0, instance:tests.MultiplyTest@5427c60c]" started-at="2025-02-18T19:01:47 CET" name="testEnd" finished-at="2025-02-18T19:01:47 CET" duration-ms="2" status="PASS">
          <reporter-output>
          </reporter-output>
        </test-method> <!-- testEnd -->
        <test-method is-config="true" signature="testStart()[pri:0, instance:tests.MultiplyTest@5427c60c]" started-at="2025-02-18T19:01:47 CET" name="testStart" finished-at="2025-02-18T19:01:47 CET" duration-ms="0" status="PASS">
          <reporter-output>
          </reporter-output>
        </test-method> <!-- testStart -->
        <test-method signature="multiplyDifferentTypes([Ljava.lang.Number;,double)[pri:1, instance:tests.MultiplyTest@5427c60c]" started-at="2025-02-18T19:01:47 CET" name="multiplyDifferentTypes" description="check multiply for mixed types" data-provider="DifferentTypesMultiplyProvider" finished-at="2025-02-18T19:01:47 CET" duration-ms="1" status="PASS">
          <params>
            <param index="0">
              <value>
                <![CDATA[[Ljava.lang.Number;@56a6d5a6]]>
              </value>
            </param>
            <param index="1">
              <value>
                <![CDATA[-13]]>
              </value>
            </param>
          </params>
          <reporter-output>
          </reporter-output>
        </test-method> <!-- multiplyDifferentTypes -->
        <test-method is-config="true" signature="testEnd()[pri:0, instance:tests.MultiplyTest@5427c60c]" started-at="2025-02-18T19:01:47 CET" name="testEnd" finished-at="2025-02-18T19:01:47 CET" duration-ms="0" status="PASS">
          <reporter-output>
          </reporter-output>
        </test-method> <!-- testEnd -->
        <test-method is-config="true" signature="testStart()[pri:0, instance:tests.MultiplyTest@5427c60c]" started-at="2025-02-18T19:01:47 CET" name="testStart" finished-at="2025-02-18T19:01:47 CET" duration-ms="1" status="PASS">
          <reporter-output>
          </reporter-output>
        </test-method> <!-- testStart -->
        <test-method signature="multiplyDifferentTypes([Ljava.lang.Number;,double)[pri:1, instance:tests.MultiplyTest@5427c60c]" started-at="2025-02-18T19:01:47 CET" name="multiplyDifferentTypes" description="check multiply for mixed types" data-provider="DifferentTypesMultiplyProvider" finished-at="2025-02-18T19:01:47 CET" duration-ms="2" status="PASS">
          <params>
            <param index="0">
              <value>
                <![CDATA[[Ljava.lang.Number;@25d250c6]]>
              </value>
            </param>
            <param index="1">
              <value>
                <![CDATA[265070.4]]>
              </value>
            </param>
          </params>
          <reporter-output>
          </reporter-output>
        </test-method> <!-- multiplyDifferentTypes -->
        <test-method is-config="true" signature="testEnd()[pri:0, instance:tests.MultiplyTest@5427c60c]" started-at="2025-02-18T19:01:47 CET" name="testEnd" finished-at="2025-02-18T19:01:47 CET" duration-ms="1" status="PASS">
          <reporter-output>
          </reporter-output>
        </test-method> <!-- testEnd -->
        <test-method signature="multiplyDoubles([Ljava.lang.Number;,double)[pri:2, instance:tests.MultiplyTest@5427c60c]" started-at="2025-02-18T19:01:47 CET" name="multiplyDoubles" description="check multiply for doubles" data-provider="DoubleMultiplyProvider" finished-at="2025-02-18T19:01:47 CET" duration-ms="2" status="PASS">
          <params>
            <param index="0">
              <value>
                <![CDATA[[Ljava.lang.Number;@54c562f7]]>
              </value>
            </param>
            <param index="1">
              <value>
                <![CDATA[588.0]]>
              </value>
            </param>
          </params>
          <reporter-output>
          </reporter-output>
        </test-method> <!-- multiplyDoubles -->
        <test-method is-config="true" signature="testStart()[pri:0, instance:tests.MultiplyTest@5427c60c]" started-at="2025-02-18T19:01:47 CET" name="testStart" finished-at="2025-02-18T19:01:47 CET" duration-ms="0" status="PASS">
          <reporter-output>
          </reporter-output>
        </test-method> <!-- testStart -->
        <test-method is-config="true" signature="testEnd()[pri:0, instance:tests.MultiplyTest@5427c60c]" started-at="2025-02-18T19:01:47 CET" name="testEnd" finished-at="2025-02-18T19:01:47 CET" duration-ms="1" status="PASS">
          <reporter-output>
          </reporter-output>
        </test-method> <!-- testEnd -->
        <test-method is-config="true" signature="testStart()[pri:0, instance:tests.MultiplyTest@5427c60c]" started-at="2025-02-18T19:01:47 CET" name="testStart" finished-at="2025-02-18T19:01:47 CET" duration-ms="1" status="PASS">
          <reporter-output>
          </reporter-output>
        </test-method> <!-- testStart -->
        <test-method signature="multiplyDoubles([Ljava.lang.Number;,double)[pri:2, instance:tests.MultiplyTest@5427c60c]" started-at="2025-02-18T19:01:47 CET" name="multiplyDoubles" description="check multiply for doubles" data-provider="DoubleMultiplyProvider" finished-at="2025-02-18T19:01:47 CET" duration-ms="0" status="PASS">
          <params>
            <param index="0">
              <value>
                <![CDATA[[Ljava.lang.Number;@43301423]]>
              </value>
            </param>
            <param index="1">
              <value>
                <![CDATA[-13.0]]>
              </value>
            </param>
          </params>
          <reporter-output>
          </reporter-output>
        </test-method> <!-- multiplyDoubles -->
        <test-method is-config="true" signature="testEnd()[pri:0, instance:tests.MultiplyTest@5427c60c]" started-at="2025-02-18T19:01:47 CET" name="testEnd" finished-at="2025-02-18T19:01:47 CET" duration-ms="0" status="PASS">
          <reporter-output>
          </reporter-output>
        </test-method> <!-- testEnd -->
        <test-method is-config="true" signature="testStart()[pri:0, instance:tests.MultiplyTest@5427c60c]" started-at="2025-02-18T19:01:47 CET" name="testStart" finished-at="2025-02-18T19:01:47 CET" duration-ms="0" status="PASS">
          <reporter-output>
          </reporter-output>
        </test-method> <!-- testStart -->
        <test-method signature="multiplyDoubles([Ljava.lang.Number;,double)[pri:2, instance:tests.MultiplyTest@5427c60c]" started-at="2025-02-18T19:01:47 CET" name="multiplyDoubles" description="check multiply for doubles" data-provider="DoubleMultiplyProvider" finished-at="2025-02-18T19:01:47 CET" duration-ms="1" status="PASS">
          <params>
            <param index="0">
              <value>
                <![CDATA[[Ljava.lang.Number;@d4342c2]]>
              </value>
            </param>
            <param index="1">
              <value>
                <![CDATA[265070.4]]>
              </value>
            </param>
          </params>
          <reporter-output>
          </reporter-output>
        </test-method> <!-- multiplyDoubles -->
        <test-method is-config="true" signature="testEnd()[pri:0, instance:tests.MultiplyTest@5427c60c]" started-at="2025-02-18T19:01:47 CET" name="testEnd" finished-at="2025-02-18T19:01:47 CET" duration-ms="1" status="PASS">
          <reporter-output>
          </reporter-output>
        </test-method> <!-- testEnd -->
        <test-method is-config="true" signature="testStart()[pri:0, instance:tests.MultiplyTest@5427c60c]" started-at="2025-02-18T19:01:47 CET" name="testStart" finished-at="2025-02-18T19:01:47 CET" duration-ms="1" status="PASS">
          <reporter-output>
          </reporter-output>
        </test-method> <!-- testStart -->
        <test-method signature="multiplyIntegers([Ljava.lang.Number;,double)[pri:3, instance:tests.MultiplyTest@5427c60c]" started-at="2025-02-18T19:01:47 CET" name="multiplyIntegers" description="check multiply for integers" data-provider="IntegerMultiplyProvider" finished-at="2025-02-18T19:01:47 CET" duration-ms="1" status="PASS">
          <params>
            <param index="0">
              <value>
                <![CDATA[[Ljava.lang.Number;@419c5f1a]]>
              </value>
            </param>
            <param index="1">
              <value>
                <![CDATA[560]]>
              </value>
            </param>
          </params>
          <reporter-output>
          </reporter-output>
        </test-method> <!-- multiplyIntegers -->
        <test-method is-config="true" signature="testEnd()[pri:0, instance:tests.MultiplyTest@5427c60c]" started-at="2025-02-18T19:01:47 CET" name="testEnd" finished-at="2025-02-18T19:01:47 CET" duration-ms="0" status="PASS">
          <reporter-output>
          </reporter-output>
        </test-method> <!-- testEnd -->
        <test-method signature="multiplyIntegers([Ljava.lang.Number;,double)[pri:3, instance:tests.MultiplyTest@5427c60c]" started-at="2025-02-18T19:01:47 CET" name="multiplyIntegers" description="check multiply for integers" data-provider="IntegerMultiplyProvider" finished-at="2025-02-18T19:01:47 CET" duration-ms="2" status="PASS">
          <params>
            <param index="0">
              <value>
                <![CDATA[[Ljava.lang.Number;@71b1176b]]>
              </value>
            </param>
            <param index="1">
              <value>
                <![CDATA[-12]]>
              </value>
            </param>
          </params>
          <reporter-output>
          </reporter-output>
        </test-method> <!-- multiplyIntegers -->
        <test-method is-config="true" signature="testStart()[pri:0, instance:tests.MultiplyTest@5427c60c]" started-at="2025-02-18T19:01:47 CET" name="testStart" finished-at="2025-02-18T19:01:47 CET" duration-ms="0" status="PASS">
          <reporter-output>
          </reporter-output>
        </test-method> <!-- testStart -->
        <test-method is-config="true" signature="testEnd()[pri:0, instance:tests.MultiplyTest@5427c60c]" started-at="2025-02-18T19:01:47 CET" name="testEnd" finished-at="2025-02-18T19:01:47 CET" duration-ms="0" status="PASS">
          <reporter-output>
          </reporter-output>
        </test-method> <!-- testEnd -->
        <test-method signature="multiplyIntegers([Ljava.lang.Number;,double)[pri:3, instance:tests.MultiplyTest@5427c60c]" started-at="2025-02-18T19:01:47 CET" name="multiplyIntegers" description="check multiply for integers" data-provider="IntegerMultiplyProvider" finished-at="2025-02-18T19:01:47 CET" duration-ms="1" status="PASS">
          <params>
            <param index="0">
              <value>
                <![CDATA[[Ljava.lang.Number;@78aab498]]>
              </value>
            </param>
            <param index="1">
              <value>
                <![CDATA[204120]]>
              </value>
            </param>
          </params>
          <reporter-output>
          </reporter-output>
        </test-method> <!-- multiplyIntegers -->
        <test-method is-config="true" signature="testStart()[pri:0, instance:tests.MultiplyTest@5427c60c]" started-at="2025-02-18T19:01:47 CET" name="testStart" finished-at="2025-02-18T19:01:47 CET" duration-ms="0" status="PASS">
          <reporter-output>
          </reporter-output>
        </test-method> <!-- testStart -->
        <test-method is-config="true" signature="testEnd()[pri:0, instance:tests.MultiplyTest@5427c60c]" started-at="2025-02-18T19:01:47 CET" name="testEnd" finished-at="2025-02-18T19:01:47 CET" duration-ms="1" status="PASS">
          <reporter-output>
          </reporter-output>
        </test-method> <!-- testEnd -->
      </class> <!-- tests.MultiplyTest -->
      <class name="tests.DeductTest">
        <test-method is-config="true" signature="testStart()[pri:0, instance:tests.DeductTest@4cf4d528]" started-at="2025-02-18T19:01:47 CET" name="testStart" finished-at="2025-02-18T19:01:47 CET" duration-ms="6" status="PASS">
          <reporter-output>
          </reporter-output>
        </test-method> <!-- testStart -->
        <test-method signature="deductDifferentTypes([Ljava.lang.Number;,double)[pri:1, instance:tests.DeductTest@4cf4d528]" started-at="2025-02-18T19:01:47 CET" name="deductDifferentTypes" description="check deduction for mixed types" data-provider="DifferentTypesDeductProvider" finished-at="2025-02-18T19:01:47 CET" duration-ms="8" status="PASS">
          <params>
            <param index="0">
              <value>
                <![CDATA[[Ljava.lang.Number;@6b19b79]]>
              </value>
            </param>
            <param index="1">
              <value>
                <![CDATA[-21.1]]>
              </value>
            </param>
          </params>
          <reporter-output>
          </reporter-output>
        </test-method> <!-- deductDifferentTypes -->
        <test-method is-config="true" signature="testEnd()[pri:0, instance:tests.DeductTest@4cf4d528]" started-at="2025-02-18T19:01:47 CET" name="testEnd" finished-at="2025-02-18T19:01:47 CET" duration-ms="1" status="PASS">
          <reporter-output>
          </reporter-output>
        </test-method> <!-- testEnd -->
        <test-method signature="deductDifferentTypes([Ljava.lang.Number;,double)[pri:1, instance:tests.DeductTest@4cf4d528]" started-at="2025-02-18T19:01:47 CET" name="deductDifferentTypes" description="check deduction for mixed types" data-provider="DifferentTypesDeductProvider" finished-at="2025-02-18T19:01:47 CET" duration-ms="1" status="PASS">
          <params>
            <param index="0">
              <value>
                <![CDATA[[Ljava.lang.Number;@4fe767f3]]>
              </value>
            </param>
            <param index="1">
              <value>
                <![CDATA[8.5]]>
              </value>
            </param>
          </params>
          <reporter-output>
          </reporter-output>
        </test-method> <!-- deductDifferentTypes -->
        <test-method is-config="true" signature="testStart()[pri:0, instance:tests.DeductTest@4cf4d528]" started-at="2025-02-18T19:01:47 CET" name="testStart" finished-at="2025-02-18T19:01:47 CET" duration-ms="0" status="PASS">
          <reporter-output>
          </reporter-output>
        </test-method> <!-- testStart -->
        <test-method is-config="true" signature="testEnd()[pri:0, instance:tests.DeductTest@4cf4d528]" started-at="2025-02-18T19:01:47 CET" name="testEnd" finished-at="2025-02-18T19:01:47 CET" duration-ms="1" status="PASS">
          <reporter-output>
          </reporter-output>
        </test-method> <!-- testEnd -->
        <test-method is-config="true" signature="testStart()[pri:0, instance:tests.DeductTest@4cf4d528]" started-at="2025-02-18T19:01:47 CET" name="testStart" finished-at="2025-02-18T19:01:47 CET" duration-ms="0" status="PASS">
          <reporter-output>
          </reporter-output>
        </test-method> <!-- testStart -->
        <test-method signature="deductDifferentTypes([Ljava.lang.Number;,double)[pri:1, instance:tests.DeductTest@4cf4d528]" started-at="2025-02-18T19:01:47 CET" name="deductDifferentTypes" description="check deduction for mixed types" data-provider="DifferentTypesDeductProvider" finished-at="2025-02-18T19:01:47 CET" duration-ms="0" status="PASS">
          <params>
            <param index="0">
              <value>
                <![CDATA[[Ljava.lang.Number;@5bfa9431]]>
              </value>
            </param>
            <param index="1">
              <value>
                <![CDATA[-0.9]]>
              </value>
            </param>
          </params>
          <reporter-output>
          </reporter-output>
        </test-method> <!-- deductDifferentTypes -->
        <test-method is-config="true" signature="testEnd()[pri:0, instance:tests.DeductTest@4cf4d528]" started-at="2025-02-18T19:01:47 CET" name="testEnd" finished-at="2025-02-18T19:01:47 CET" duration-ms="0" status="PASS">
          <reporter-output>
          </reporter-output>
        </test-method> <!-- testEnd -->
        <test-method signature="deductDoubles([Ljava.lang.Number;,double)[pri:2, instance:tests.DeductTest@4cf4d528]" started-at="2025-02-18T19:01:47 CET" name="deductDoubles" description="check deduction for doubles" data-provider="DoubleDeductProvider" finished-at="2025-02-18T19:01:47 CET" duration-ms="1" status="PASS">
          <params>
            <param index="0">
              <value>
                <![CDATA[[Ljava.lang.Number;@16e7dcfd]]>
              </value>
            </param>
            <param index="1">
              <value>
                <![CDATA[5.4]]>
              </value>
            </param>
          </params>
          <reporter-output>
          </reporter-output>
        </test-method> <!-- deductDoubles -->
        <test-method is-config="true" signature="testStart()[pri:0, instance:tests.DeductTest@4cf4d528]" started-at="2025-02-18T19:01:47 CET" name="testStart" finished-at="2025-02-18T19:01:47 CET" duration-ms="0" status="PASS">
          <reporter-output>
          </reporter-output>
        </test-method> <!-- testStart -->
        <test-method is-config="true" signature="testEnd()[pri:0, instance:tests.DeductTest@4cf4d528]" started-at="2025-02-18T19:01:47 CET" name="testEnd" finished-at="2025-02-18T19:01:47 CET" duration-ms="1" status="PASS">
          <reporter-output>
          </reporter-output>
        </test-method> <!-- testEnd -->
        <test-method is-config="true" signature="testStart()[pri:0, instance:tests.DeductTest@4cf4d528]" started-at="2025-02-18T19:01:47 CET" name="testStart" finished-at="2025-02-18T19:01:47 CET" duration-ms="0" status="PASS">
          <reporter-output>
          </reporter-output>
        </test-method> <!-- testStart -->
        <test-method signature="deductDoubles([Ljava.lang.Number;,double)[pri:2, instance:tests.DeductTest@4cf4d528]" started-at="2025-02-18T19:01:47 CET" name="deductDoubles" description="check deduction for doubles" data-provider="DoubleDeductProvider" finished-at="2025-02-18T19:01:47 CET" duration-ms="0" status="PASS">
          <params>
            <param index="0">
              <value>
                <![CDATA[[Ljava.lang.Number;@3901d134]]>
              </value>
            </param>
            <param index="1">
              <value>
                <![CDATA[-8.9]]>
              </value>
            </param>
          </params>
          <reporter-output>
          </reporter-output>
        </test-method> <!-- deductDoubles -->
        <test-method is-config="true" signature="testEnd()[pri:0, instance:tests.DeductTest@4cf4d528]" started-at="2025-02-18T19:01:47 CET" name="testEnd" finished-at="2025-02-18T19:01:47 CET" duration-ms="0" status="PASS">
          <reporter-output>
          </reporter-output>
        </test-method> <!-- testEnd -->
        <test-method signature="deductDoubles([Ljava.lang.Number;,double)[pri:2, instance:tests.DeductTest@4cf4d528]" started-at="2025-02-18T19:01:47 CET" name="deductDoubles" description="check deduction for doubles" data-provider="DoubleDeductProvider" finished-at="2025-02-18T19:01:47 CET" duration-ms="1" status="PASS">
          <params>
            <param index="0">
              <value>
                <![CDATA[[Ljava.lang.Number;@7b227d8d]]>
              </value>
            </param>
            <param index="1">
              <value>
                <![CDATA[1.9]]>
              </value>
            </param>
          </params>
          <reporter-output>
          </reporter-output>
        </test-method> <!-- deductDoubles -->
        <test-method is-config="true" signature="testStart()[pri:0, instance:tests.DeductTest@4cf4d528]" started-at="2025-02-18T19:01:47 CET" name="testStart" finished-at="2025-02-18T19:01:47 CET" duration-ms="0" status="PASS">
          <reporter-output>
          </reporter-output>
        </test-method> <!-- testStart -->
        <test-method is-config="true" signature="testEnd()[pri:0, instance:tests.DeductTest@4cf4d528]" started-at="2025-02-18T19:01:47 CET" name="testEnd" finished-at="2025-02-18T19:01:47 CET" duration-ms="1" status="PASS">
          <reporter-output>
          </reporter-output>
        </test-method> <!-- testEnd -->
        <test-method is-config="true" signature="testStart()[pri:0, instance:tests.DeductTest@4cf4d528]" started-at="2025-02-18T19:01:47 CET" name="testStart" finished-at="2025-02-18T19:01:47 CET" duration-ms="1" status="PASS">
          <reporter-output>
          </reporter-output>
        </test-method> <!-- testStart -->
        <test-method signature="deductIntegers([Ljava.lang.Number;,double)[pri:3, instance:tests.DeductTest@4cf4d528]" started-at="2025-02-18T19:01:47 CET" name="deductIntegers" description="check deduction for integers" data-provider="IntegerDeductProvider" finished-at="2025-02-18T19:01:47 CET" duration-ms="2" status="PASS">
          <params>
            <param index="0">
              <value>
                <![CDATA[[Ljava.lang.Number;@d706f19]]>
              </value>
            </param>
            <param index="1">
              <value>
                <![CDATA[-21]]>
              </value>
            </param>
          </params>
          <reporter-output>
          </reporter-output>
        </test-method> <!-- deductIntegers -->
        <test-method is-config="true" signature="testEnd()[pri:0, instance:tests.DeductTest@4cf4d528]" started-at="2025-02-18T19:01:47 CET" name="testEnd" finished-at="2025-02-18T19:01:47 CET" duration-ms="1" status="PASS">
          <reporter-output>
          </reporter-output>
        </test-method> <!-- testEnd -->
        <test-method is-config="true" signature="testStart()[pri:0, instance:tests.DeductTest@4cf4d528]" started-at="2025-02-18T19:01:47 CET" name="testStart" finished-at="2025-02-18T19:01:47 CET" duration-ms="1" status="PASS">
          <reporter-output>
          </reporter-output>
        </test-method> <!-- testStart -->
        <test-method signature="deductIntegers([Ljava.lang.Number;,double)[pri:3, instance:tests.DeductTest@4cf4d528]" started-at="2025-02-18T19:01:47 CET" name="deductIntegers" description="check deduction for integers" data-provider="IntegerDeductProvider" finished-at="2025-02-18T19:01:47 CET" duration-ms="0" status="PASS">
          <params>
            <param index="0">
              <value>
                <![CDATA[[Ljava.lang.Number;@27ae2fd0]]>
              </value>
            </param>
            <param index="1">
              <value>
                <![CDATA[8]]>
              </value>
            </param>
          </params>
          <reporter-output>
          </reporter-output>
        </test-method> <!-- deductIntegers -->
        <test-method is-config="true" signature="testEnd()[pri:0, instance:tests.DeductTest@4cf4d528]" started-at="2025-02-18T19:01:47 CET" name="testEnd" finished-at="2025-02-18T19:01:47 CET" duration-ms="0" status="PASS">
          <reporter-output>
          </reporter-output>
        </test-method> <!-- testEnd -->
        <test-method signature="deductIntegers([Ljava.lang.Number;,double)[pri:3, instance:tests.DeductTest@4cf4d528]" started-at="2025-02-18T19:01:47 CET" name="deductIntegers" description="check deduction for integers" data-provider="IntegerDeductProvider" finished-at="2025-02-18T19:01:47 CET" duration-ms="1" status="PASS">
          <params>
            <param index="0">
              <value>
                <![CDATA[[Ljava.lang.Number;@147ed70f]]>
              </value>
            </param>
            <param index="1">
              <value>
                <![CDATA[-1]]>
              </value>
            </param>
          </params>
          <reporter-output>
          </reporter-output>
        </test-method> <!-- deductIntegers -->
        <test-method is-config="true" signature="testStart()[pri:0, instance:tests.DeductTest@4cf4d528]" started-at="2025-02-18T19:01:47 CET" name="testStart" finished-at="2025-02-18T19:01:47 CET" duration-ms="0" status="PASS">
          <reporter-output>
          </reporter-output>
        </test-method> <!-- testStart -->
        <test-method is-config="true" signature="testEnd()[pri:0, instance:tests.DeductTest@4cf4d528]" started-at="2025-02-18T19:01:47 CET" name="testEnd" finished-at="2025-02-18T19:01:47 CET" duration-ms="0" status="PASS">
          <reporter-output>
          </reporter-output>
        </test-method> <!-- testEnd -->
      </class> <!-- tests.DeductTest -->
      <class name="tests.DivideTest">
        <test-method is-config="true" signature="testStart()[pri:0, instance:tests.DivideTest@543e710e]" started-at="2025-02-18T19:01:48 CET" name="testStart" finished-at="2025-02-18T19:01:48 CET" duration-ms="1" status="PASS">
          <reporter-output>
          </reporter-output>
        </test-method> <!-- testStart -->
        <test-method signature="multiplyDifferentTypes([Ljava.lang.Number;,double)[pri:1, instance:tests.DivideTest@543e710e]" started-at="2025-02-18T19:01:48 CET" name="multiplyDifferentTypes" description="check divide for different types" data-provider="DifferentTypesDivideProvider" finished-at="2025-02-18T19:01:48 CET" duration-ms="2" status="PASS">
          <params>
            <param index="0">
              <value>
                <![CDATA[[Ljava.lang.Number;@65466a6a]]>
              </value>
            </param>
            <param index="1">
              <value>
                <![CDATA[0.0017]]>
              </value>
            </param>
          </params>
          <reporter-output>
          </reporter-output>
        </test-method> <!-- multiplyDifferentTypes -->
        <test-method is-config="true" signature="testEnd()[pri:0, instance:tests.DivideTest@543e710e]" started-at="2025-02-18T19:01:48 CET" name="testEnd" finished-at="2025-02-18T19:01:48 CET" duration-ms="0" status="PASS">
          <reporter-output>
          </reporter-output>
        </test-method> <!-- testEnd -->
        <test-method is-config="true" signature="testStart()[pri:0, instance:tests.DivideTest@543e710e]" started-at="2025-02-18T19:01:48 CET" name="testStart" finished-at="2025-02-18T19:01:48 CET" duration-ms="1" status="PASS">
          <reporter-output>
          </reporter-output>
        </test-method> <!-- testStart -->
        <test-method signature="multiplyDifferentTypes([Ljava.lang.Number;,double)[pri:1, instance:tests.DivideTest@543e710e]" started-at="2025-02-18T19:01:48 CET" name="multiplyDifferentTypes" description="check divide for different types" data-provider="DifferentTypesDivideProvider" finished-at="2025-02-18T19:01:48 CET" duration-ms="15" status="PASS">
          <params>
            <param index="0">
              <value>
                <![CDATA[[Ljava.lang.Number;@2ea227af]]>
              </value>
            </param>
            <param index="1">
              <value>
                <![CDATA[-0.3077]]>
              </value>
            </param>
          </params>
          <reporter-output>
          </reporter-output>
        </test-method> <!-- multiplyDifferentTypes -->
        <test-method is-config="true" signature="testEnd()[pri:0, instance:tests.DivideTest@543e710e]" started-at="2025-02-18T19:01:48 CET" name="testEnd" finished-at="2025-02-18T19:01:48 CET" duration-ms="1" status="PASS">
          <reporter-output>
          </reporter-output>
        </test-method> <!-- testEnd -->
        <test-method signature="multiplyDifferentTypes([Ljava.lang.Number;,double)[pri:1, instance:tests.DivideTest@543e710e]" started-at="2025-02-18T19:01:48 CET" name="multiplyDifferentTypes" description="check divide for different types" data-provider="DifferentTypesDivideProvider" finished-at="2025-02-18T19:01:48 CET" duration-ms="3" status="PASS">
          <params>
            <param index="0">
              <value>
                <![CDATA[[Ljava.lang.Number;@79b06cab]]>
              </value>
            </param>
            <param index="1">
              <value>
                <![CDATA[0.0]]>
              </value>
            </param>
          </params>
          <reporter-output>
          </reporter-output>
        </test-method> <!-- multiplyDifferentTypes -->
        <test-method is-config="true" signature="testStart()[pri:0, instance:tests.DivideTest@543e710e]" started-at="2025-02-18T19:01:48 CET" name="testStart" finished-at="2025-02-18T19:01:48 CET" duration-ms="0" status="PASS">
          <reporter-output>
          </reporter-output>
        </test-method> <!-- testStart -->
        <test-method is-config="true" signature="testEnd()[pri:0, instance:tests.DivideTest@543e710e]" started-at="2025-02-18T19:01:48 CET" name="testEnd" finished-at="2025-02-18T19:01:48 CET" duration-ms="1" status="PASS">
          <reporter-output>
          </reporter-output>
        </test-method> <!-- testEnd -->
        <test-method is-config="true" signature="testStart()[pri:0, instance:tests.DivideTest@543e710e]" started-at="2025-02-18T19:01:48 CET" name="testStart" finished-at="2025-02-18T19:01:48 CET" duration-ms="1" status="PASS">
          <reporter-output>
          </reporter-output>
        </test-method> <!-- testStart -->
        <test-method signature="multiplyDoubles([Ljava.lang.Number;,double)[pri:2, instance:tests.DivideTest@543e710e]" started-at="2025-02-18T19:01:48 CET" name="multiplyDoubles" description="check divide for doubles" data-provider="DoubleDivideProvider" finished-at="2025-02-18T19:01:48 CET" duration-ms="1" status="PASS">
          <params>
            <param index="0">
              <value>
                <![CDATA[[Ljava.lang.Number;@460d0a57]]>
              </value>
            </param>
            <param index="1">
              <value>
                <![CDATA[0.0017]]>
              </value>
            </param>
          </params>
          <reporter-output>
          </reporter-output>
        </test-method> <!-- multiplyDoubles -->
        <test-method is-config="true" signature="testEnd()[pri:0, instance:tests.DivideTest@543e710e]" started-at="2025-02-18T19:01:48 CET" name="testEnd" finished-at="2025-02-18T19:01:48 CET" duration-ms="0" status="PASS">
          <reporter-output>
          </reporter-output>
        </test-method> <!-- testEnd -->
        <test-method is-config="true" signature="testStart()[pri:0, instance:tests.DivideTest@543e710e]" started-at="2025-02-18T19:01:48 CET" name="testStart" finished-at="2025-02-18T19:01:48 CET" duration-ms="1" status="PASS">
          <reporter-output>
          </reporter-output>
        </test-method> <!-- testStart -->
        <test-method signature="multiplyDoubles([Ljava.lang.Number;,double)[pri:2, instance:tests.DivideTest@543e710e]" started-at="2025-02-18T19:01:48 CET" name="multiplyDoubles" description="check divide for doubles" data-provider="DoubleDivideProvider" finished-at="2025-02-18T19:01:48 CET" duration-ms="4" status="PASS">
          <params>
            <param index="0">
              <value>
                <![CDATA[[Ljava.lang.Number;@149e0f5d]]>
              </value>
            </param>
            <param index="1">
              <value>
                <![CDATA[-0.3077]]>
              </value>
            </param>
          </params>
          <reporter-output>
          </reporter-output>
        </test-method> <!-- multiplyDoubles -->
        <test-method is-config="true" signature="testEnd()[pri:0, instance:tests.DivideTest@543e710e]" started-at="2025-02-18T19:01:48 CET" name="testEnd" finished-at="2025-02-18T19:01:48 CET" duration-ms="2" status="PASS">
          <reporter-output>
          </reporter-output>
        </test-method> <!-- testEnd -->
        <test-method is-config="true" signature="testStart()[pri:0, instance:tests.DivideTest@543e710e]" started-at="2025-02-18T19:01:48 CET" name="testStart" finished-at="2025-02-18T19:01:48 CET" duration-ms="0" status="PASS">
          <reporter-output>
          </reporter-output>
        </test-method> <!-- testStart -->
        <test-method signature="multiplyDoubles([Ljava.lang.Number;,double)[pri:2, instance:tests.DivideTest@543e710e]" started-at="2025-02-18T19:01:48 CET" name="multiplyDoubles" description="check divide for doubles" data-provider="DoubleDivideProvider" finished-at="2025-02-18T19:01:48 CET" duration-ms="1" status="PASS">
          <params>
            <param index="0">
              <value>
                <![CDATA[[Ljava.lang.Number;@ef9296d]]>
              </value>
            </param>
            <param index="1">
              <value>
                <![CDATA[0.0]]>
              </value>
            </param>
          </params>
          <reporter-output>
          </reporter-output>
        </test-method> <!-- multiplyDoubles -->
        <test-method is-config="true" signature="testEnd()[pri:0, instance:tests.DivideTest@543e710e]" started-at="2025-02-18T19:01:48 CET" name="testEnd" finished-at="2025-02-18T19:01:48 CET" duration-ms="2" status="PASS">
          <reporter-output>
          </reporter-output>
        </test-method> <!-- testEnd -->
        <test-method is-config="true" signature="testStart()[pri:0, instance:tests.DivideTest@543e710e]" started-at="2025-02-18T19:01:48 CET" name="testStart" finished-at="2025-02-18T19:01:48 CET" duration-ms="1" status="PASS">
          <reporter-output>
          </reporter-output>
        </test-method> <!-- testStart -->
        <test-method signature="multiplyIntegers([Ljava.lang.Number;,double)[pri:3, instance:tests.DivideTest@543e710e]" started-at="2025-02-18T19:01:48 CET" name="multiplyIntegers" description="check divide for integers" data-provider="IntegerDivideProvider" finished-at="2025-02-18T19:01:48 CET" duration-ms="1" status="PASS">
          <params>
            <param index="0">
              <value>
                <![CDATA[[Ljava.lang.Number;@1c93084c]]>
              </value>
            </param>
            <param index="1">
              <value>
                <![CDATA[0.0017]]>
              </value>
            </param>
          </params>
          <reporter-output>
          </reporter-output>
        </test-method> <!-- multiplyIntegers -->
        <test-method is-config="true" signature="testEnd()[pri:0, instance:tests.DivideTest@543e710e]" started-at="2025-02-18T19:01:48 CET" name="testEnd" finished-at="2025-02-18T19:01:48 CET" duration-ms="1" status="PASS">
          <reporter-output>
          </reporter-output>
        </test-method> <!-- testEnd -->
        <test-method is-config="true" signature="testStart()[pri:0, instance:tests.DivideTest@543e710e]" started-at="2025-02-18T19:01:48 CET" name="testStart" finished-at="2025-02-18T19:01:48 CET" duration-ms="1" status="PASS">
          <reporter-output>
          </reporter-output>
        </test-method> <!-- testStart -->
        <test-method signature="multiplyIntegers([Ljava.lang.Number;,double)[pri:3, instance:tests.DivideTest@543e710e]" started-at="2025-02-18T19:01:48 CET" name="multiplyIntegers" description="check divide for integers" data-provider="IntegerDivideProvider" finished-at="2025-02-18T19:01:48 CET" duration-ms="0" status="PASS">
          <params>
            <param index="0">
              <value>
                <![CDATA[[Ljava.lang.Number;@78b66d36]]>
              </value>
            </param>
            <param index="1">
              <value>
                <![CDATA[-0.3334]]>
              </value>
            </param>
          </params>
          <reporter-output>
          </reporter-output>
        </test-method> <!-- multiplyIntegers -->
        <test-method is-config="true" signature="testEnd()[pri:0, instance:tests.DivideTest@543e710e]" started-at="2025-02-18T19:01:48 CET" name="testEnd" finished-at="2025-02-18T19:01:48 CET" duration-ms="1" status="PASS">
          <reporter-output>
          </reporter-output>
        </test-method> <!-- testEnd -->
        <test-method is-config="true" signature="testStart()[pri:0, instance:tests.DivideTest@543e710e]" started-at="2025-02-18T19:01:48 CET" name="testStart" finished-at="2025-02-18T19:01:48 CET" duration-ms="0" status="PASS">
          <reporter-output>
          </reporter-output>
        </test-method> <!-- testStart -->
        <test-method signature="multiplyIntegers([Ljava.lang.Number;,double)[pri:3, instance:tests.DivideTest@543e710e]" started-at="2025-02-18T19:01:48 CET" name="multiplyIntegers" description="check divide for integers" data-provider="IntegerDivideProvider" finished-at="2025-02-18T19:01:48 CET" duration-ms="10" status="PASS">
          <params>
            <param index="0">
              <value>
                <![CDATA[[Ljava.lang.Number;@22a637e7]]>
              </value>
            </param>
            <param index="1">
              <value>
                <![CDATA[0.0]]>
              </value>
            </param>
          </params>
          <reporter-output>
          </reporter-output>
        </test-method> <!-- multiplyIntegers -->
        <test-method is-config="true" signature="testEnd()[pri:0, instance:tests.DivideTest@543e710e]" started-at="2025-02-18T19:01:48 CET" name="testEnd" finished-at="2025-02-18T19:01:48 CET" duration-ms="0" status="PASS">
          <reporter-output>
          </reporter-output>
        </test-method> <!-- testEnd -->
      </class> <!-- tests.DivideTest -->
    </test> <!-- Command line test -->
  </suite> <!-- Command line suite -->
</testng-results>
