<?xml version="1.0" encoding="UTF-8"?>
<!-- Generated by org.testng.reporters.JUnitReportReporter -->
<testsuite hostname="MacBook-Pro-mac.local" failures="0" tests="9" name="tests.DeductTest" time="0.027" errors="0" timestamp="2025-02-18T19:01:48 CET" skipped="0">
  <testcase classname="tests.DeductTest" name="deductDifferentTypes" time="0.015"/>
  <testcase classname="tests.DeductTest" name="deductDifferentTypes" time="0.001"/>
  <testcase classname="tests.DeductTest" name="deductDifferentTypes" time="0.002"/>
  <testcase classname="tests.DeductTest" name="deductDoubles" time="0.001"/>
  <testcase classname="tests.DeductTest" name="deductDoubles" time="0.001"/>
  <testcase classname="tests.DeductTest" name="deductDoubles" time="0.001"/>
  <testcase classname="tests.DeductTest" name="deductIntegers" time="0.003"/>
  <testcase classname="tests.DeductTest" name="deductIntegers" time="0.001"/>
  <testcase classname="tests.DeductTest" name="deductIntegers" time="0.002"/>
</testsuite> <!-- tests.DeductTest -->
