<?xml version="1.0" encoding="UTF-8"?>
<!-- Generated by org.testng.reporters.JUnitReportReporter -->
<testsuite hostname="MacBook-Pro-mac.local" failures="0" tests="9" name="tests.MultiplyTest" time="0.024" errors="0" timestamp="2025-02-18T19:01:48 CET" skipped="0">
  <testcase classname="tests.MultiplyTest" name="multiplyDifferentTypes" time="0.005"/>
  <testcase classname="tests.MultiplyTest" name="multiplyDifferentTypes" time="0.004"/>
  <testcase classname="tests.MultiplyTest" name="multiplyDifferentTypes" time="0.002"/>
  <testcase classname="tests.MultiplyTest" name="multiplyDoubles" time="0.003"/>
  <testcase classname="tests.MultiplyTest" name="multiplyDoubles" time="0.003"/>
  <testcase classname="tests.MultiplyTest" name="multiplyDoubles" time="0.001"/>
  <testcase classname="tests.MultiplyTest" name="multiplyIntegers" time="0.003"/>
  <testcase classname="tests.MultiplyTest" name="multiplyIntegers" time="0.001"/>
  <testcase classname="tests.MultiplyTest" name="multiplyIntegers" time="0.002"/>
</testsuite> <!-- tests.MultiplyTest -->
