<?xml version="1.0" encoding="UTF-8"?>
<!-- Generated by org.testng.reporters.JUnitReportReporter -->
<testsuite hostname="MacBook-Pro-mac.local" failures="0" tests="9" name="tests.SumTest" time="0.034" errors="0" timestamp="2025-02-18T19:01:48 CET" skipped="0">
  <testcase classname="tests.SumTest" name="sumDifferentTypes" time="0.001"/>
  <testcase classname="tests.SumTest" name="sumDifferentTypes" time="0.003"/>
  <testcase classname="tests.SumTest" name="sumDifferentTypes" time="0.005"/>
  <testcase classname="tests.SumTest" name="sumDoubles" time="0.004"/>
  <testcase classname="tests.SumTest" name="sumDoubles" time="0.003"/>
  <testcase classname="tests.SumTest" name="sumDoubles" time="0.004"/>
  <testcase classname="tests.SumTest" name="sumIntegers" time="0.004"/>
  <testcase classname="tests.SumTest" name="sumIntegers" time="0.004"/>
  <testcase classname="tests.SumTest" name="sumIntegers" time="0.006"/>
</testsuite> <!-- tests.SumTest -->
