<?xml version="1.0" encoding="UTF-8"?>
<!-- Generated by org.testng.reporters.JUnitReportReporter -->
<testsuite hostname="MacBook-Pro-mac.local" failures="0" tests="9" name="tests.DivideTest" time="0.051" errors="0" timestamp="2025-02-18T19:01:48 CET" skipped="0">
  <testcase classname="tests.DivideTest" name="multiplyDifferentTypes" time="0.004"/>
  <testcase classname="tests.DivideTest" name="multiplyDifferentTypes" time="0.003"/>
  <testcase classname="tests.DivideTest" name="multiplyDifferentTypes" time="0.017"/>
  <testcase classname="tests.DivideTest" name="multiplyDoubles" time="0.003"/>
  <testcase classname="tests.DivideTest" name="multiplyDoubles" time="0.001"/>
  <testcase classname="tests.DivideTest" name="multiplyDoubles" time="0.007"/>
  <testcase classname="tests.DivideTest" name="multiplyIntegers" time="0.002"/>
  <testcase classname="tests.DivideTest" name="multiplyIntegers" time="0.001"/>
  <testcase classname="tests.DivideTest" name="multiplyIntegers" time="0.013"/>
</testsuite> <!-- tests.DivideTest -->
